# JRE version: OpenJDK Runtime Environment (11.0.8+10) (build 11.0.8+10-post-Ubuntu-0ubuntu120.04)
# Java VM: OpenJDK 64-Bit Server VM (11.0.8+10-post-Ubuntu-0ubuntu120.04, mixed mode, sharing, tiered, compressed oops, g1 gc, linux-amd64)
Heap:
 garbage-first heap   total 95232K, used 44059K [0x00000000c3c00000, 0x0000000100000000)
  region size 1024K, 22 young (22528K), 2 survivors (2048K)
 Metaspace       used 53075K, capacity 54270K, committed 54832K, reserved 1097728K
  class space    used 6794K, capacity 7247K, committed 7296K, reserved 1048576K
GC Heap History (20 events):
Event: 11.281 GC heap before
{Heap before GC invocations=12 (full 0):
 garbage-first heap   total 65536K, used 41858K [0x00000000c3c00000, 0x0000000100000000)
  region size 1024K, 33 young (33792K), 4 survivors (4096K)
 Metaspace       used 26800K, capacity 27711K, committed 27952K, reserved 1073152K
  class space    used 3222K, capacity 3601K, committed 3712K, reserved 1048576K
}
Event: 11.297 GC heap after
{Heap after GC invocations=13 (full 0):
 garbage-first heap   total 78848K, used 13856K [0x00000000c3c00000, 0x0000000100000000)
  region size 1024K, 4 young (4096K), 4 survivors (4096K)
 Metaspace       used 26800K, capacity 27711K, committed 27952K, reserved 1073152K
  class space    used 3222K, capacity 3601K, committed 3712K, reserved 1048576K
}
Event: 11.487 GC heap before
{Heap before GC invocations=13 (full 0):
 garbage-first heap   total 78848K, used 49696K [0x00000000c3c00000, 0x0000000100000000)
  region size 1024K, 40 young (40960K), 4 survivors (4096K)
 Metaspace       used 27336K, capacity 28298K, committed 28720K, reserved 1075200K
  class space    used 3281K, capacity 3669K, committed 3712K, reserved 1048576K
}
Event: 11.501 GC heap after
{Heap after GC invocations=14 (full 0):
 garbage-first heap   total 78848K, used 14371K [0x00000000c3c00000, 0x0000000100000000)
  region size 1024K, 3 young (3072K), 3 survivors (3072K)
 Metaspace       used 27336K, capacity 28298K, committed 28720K, reserved 1075200K
  class space    used 3281K, capacity 3669K, committed 3712K, reserved 1048576K
}
Event: 12.631 GC heap before
{Heap before GC invocations=14 (full 0):
 garbage-first heap   total 78848K, used 52259K [0x00000000c3c00000, 0x0000000100000000)
  region size 1024K, 40 young (40960K), 3 survivors (3072K)
 Metaspace       used 30212K, capacity 31218K, committed 31408K, reserved 1077248K
  class space    used 3646K, capacity 4043K, committed 4096K, reserved 1048576K
}
Event: 12.647 GC heap after
{Heap after GC invocations=15 (full 0):
 garbage-first heap   total 78848K, used 15090K [0x00000000c3c00000, 0x0000000100000000)
  region size 1024K, 4 young (4096K), 4 survivors (4096K)
 Metaspace       used 30212K, capacity 31218K, committed 31408K, reserved 1077248K
  class space    used 3646K, capacity 4043K, committed 4096K, reserved 1048576K
}
Event: 16.923 GC heap before
{Heap before GC invocations=15 (full 0):
 garbage-first heap   total 78848K, used 51954K [0x00000000c3c00000, 0x0000000100000000)
  region size 1024K, 41 young (41984K), 4 survivors (4096K)
 Metaspace       used 33934K, capacity 35002K, committed 35248K, reserved 1079296K
  class space    used 4127K, capacity 4528K, committed 4608K, reserved 1048576K
}
Event: 16.937 GC heap after
{Heap after GC invocations=16 (full 0):
 garbage-first heap   total 78848K, used 16840K [0x00000000c3c00000, 0x0000000100000000)
  region size 1024K, 4 young (4096K), 4 survivors (4096K)
 Metaspace       used 33934K, capacity 35002K, committed 35248K, reserved 1079296K
  class space    used 4127K, capacity 4528K, committed 4608K, reserved 1048576K
}
Event: 17.451 GC heap before
{Heap before GC invocations=16 (full 0):
 garbage-first heap   total 78848K, used 22984K [0x00000000c3c00000, 0x0000000100000000)
  region size 1024K, 11 young (11264K), 4 survivors (4096K)
 Metaspace       used 34587K, capacity 35645K, committed 35888K, reserved 1081344K
  class space    used 4241K, capacity 4657K, committed 4736K, reserved 1048576K
}
Event: 17.466 GC heap after
{Heap after GC invocations=17 (full 0):
 garbage-first heap   total 95232K, used 17376K [0x00000000c3c00000, 0x0000000100000000)
  region size 1024K, 4 young (4096K), 4 survivors (4096K)
 Metaspace       used 34587K, capacity 35645K, committed 35888K, reserved 1081344K
  class space    used 4241K, capacity 4657K, committed 4736K, reserved 1048576K
}
Event: 19.774 GC heap before
{Heap before GC invocations=18 (full 0):
 garbage-first heap   total 95232K, used 53216K [0x00000000c3c00000, 0x0000000100000000)
  region size 1024K, 39 young (39936K), 4 survivors (4096K)
 Metaspace       used 39359K, capacity 40473K, committed 41008K, reserved 1085440K
  class space    used 4957K, capacity 5390K, committed 5504K, reserved 1048576K
}
Event: 19.787 GC heap after
{Heap after GC invocations=19 (full 0):
 garbage-first heap   total 95232K, used 18371K [0x00000000c3c00000, 0x0000000100000000)
  region size 1024K, 4 young (4096K), 4 survivors (4096K)
 Metaspace       used 39359K, capacity 40473K, committed 41008K, reserved 1085440K
  class space    used 4957K, capacity 5390K, committed 5504K, reserved 1048576K
}
Event: 23.250 GC heap before
{Heap before GC invocations=19 (full 0):
 garbage-first heap   total 95232K, used 57283K [0x00000000c3c00000, 0x0000000100000000)
  region size 1024K, 42 young (43008K), 4 survivors (4096K)
 Metaspace       used 43006K, capacity 44076K, committed 44464K, reserved 1087488K
  class space    used 5357K, capacity 5779K, committed 5888K, reserved 1048576K
}
Event: 23.260 GC heap after
{Heap after GC invocations=20 (full 0):
 garbage-first heap   total 95232K, used 21073K [0x00000000c3c00000, 0x0000000100000000)
  region size 1024K, 4 young (4096K), 4 survivors (4096K)
 Metaspace       used 43006K, capacity 44076K, committed 44464K, reserved 1087488K
  class space    used 5357K, capacity 5779K, committed 5888K, reserved 1048576K
}
Event: 24.441 GC heap before
{Heap before GC invocations=20 (full 0):
 garbage-first heap   total 95232K, used 59985K [0x00000000c3c00000, 0x0000000100000000)
  region size 1024K, 43 young (44032K), 4 survivors (4096K)
 Metaspace       used 45534K, capacity 46669K, committed 47024K, reserved 1089536K
  class space    used 5674K, capacity 6107K, committed 6144K, reserved 1048576K
}
Event: 24.459 GC heap after
{Heap after GC invocations=21 (full 0):
 garbage-first heap   total 95232K, used 24276K [0x00000000c3c00000, 0x0000000100000000)
  region size 1024K, 6 young (6144K), 6 survivors (6144K)
 Metaspace       used 45534K, capacity 46669K, committed 47024K, reserved 1089536K
  class space    used 5674K, capacity 6107K, committed 6144K, reserved 1048576K
}
Event: 26.755 GC heap before
{Heap before GC invocations=21 (full 0):
 garbage-first heap   total 95232K, used 62164K [0x00000000c3c00000, 0x0000000100000000)
  region size 1024K, 44 young (45056K), 6 survivors (6144K)
 Metaspace       used 48834K, capacity 49906K, committed 50352K, reserved 1093632K
  class space    used 6180K, capacity 6630K, committed 6656K, reserved 1048576K
}
Event: 26.767 GC heap after
{Heap after GC invocations=22 (full 0):
 garbage-first heap   total 95232K, used 25028K [0x00000000c3c00000, 0x0000000100000000)
  region size 1024K, 4 young (4096K), 4 survivors (4096K)
 Metaspace       used 48834K, capacity 49906K, committed 50352K, reserved 1093632K
  class space    used 6180K, capacity 6630K, committed 6656K, reserved 1048576K
}
Event: 28.407 GC heap before
{Heap before GC invocations=22 (full 0):
 garbage-first heap   total 95232K, used 64964K [0x00000000c3c00000, 0x0000000100000000)
  region size 1024K, 43 young (44032K), 4 survivors (4096K)
 Metaspace       used 52053K, capacity 53179K, committed 53680K, reserved 1095680K
  class space    used 6653K, capacity 7097K, committed 7168K, reserved 1048576K
}
Event: 28.416 GC heap after
{Heap after GC invocations=23 (full 0):
 garbage-first heap   total 95232K, used 25627K [0x00000000c3c00000, 0x0000000100000000)
  region size 1024K, 2 young (2048K), 2 survivors (2048K)
 Metaspace       used 52053K, capacity 53179K, committed 53680K, reserved 1095680K
  class space    used 6653K, capacity 7097K, committed 7168K, reserved 1048576K
}

